This file contains any messages produced by compilers while
running configure, to aid debugging if configure makes a mistake.

It was created by json-c configure 0.13.1, which was
generated by GNU Autoconf 2.69.  Invocation command line was

  $ ./configure 

## --------- ##
## Platform. ##
## --------- ##

hostname = Tartaro
uname -m = x86_64
uname -r = 5.4.0-53-generic
uname -s = Linux
uname -v = #59-Ubuntu SMP Wed Oct 21 09:38:44 UTC 2020

/usr/bin/uname -p = unknown
/bin/uname -X     = unknown

/bin/arch              = unknown
/usr/bin/arch -k       = unknown
/usr/convex/getsysinfo = unknown
/usr/bin/hostinfo      = unknown
/bin/machine           = unknown
/usr/bin/oslevel       = unknown
/bin/universe          = unknown

PATH: /home/stiv/.local/bin
PATH: /usr/local/sbin
PATH: /usr/local/bin
PATH: /usr/sbin
PATH: /usr/bin
PATH: /sbin
PATH: /bin
PATH: /usr/games
PATH: /usr/local/games
PATH: /snap/bin
PATH: /home/stiv/Android/Sdk/emulator
PATH: /home/stiv/Android/Sdk/tools
PATH: /home/stiv/Android/Sdk/platform-tools
PATH: /home/stiv/Android/Sdk/emulator
PATH: /home/stiv/Android/Sdk/tools
PATH: /home/stiv/Android/Sdk/tools/bin
PATH: /home/stiv/Android/Sdk/platform-tools
PATH: /home/stiv/Android/Sdk/tools
PATH: /home/stiv/Android/Sdk/platform-tools
PATH: /home/stiv/Android/Sdk/ndk-bundle
PATH: /home/stiv/Android/Sdk/emulator
PATH: /home/stiv/Android/Sdk/tools
PATH: /home/stiv/Android/Sdk/platform-tools
PATH: /home/stiv/Android/Sdk/emulator
PATH: /home/stiv/Android/Sdk/tools
PATH: /home/stiv/Android/Sdk/tools/bin
PATH: /home/stiv/Android/Sdk/platform-tools
PATH: /home/stiv/Android/Sdk/tools
PATH: /home/stiv/Android/Sdk/platform-tools
PATH: /home/stiv/Android/Sdk/ndk/21.3.6528147
PATH: /home/stiv/Android/Sdk/emulator
PATH: /home/stiv/Android/Sdk/tools
PATH: /home/stiv/Android/Sdk/platform-tools
PATH: /home/stiv/Android/Sdk/emulator
PATH: /home/stiv/Android/Sdk/tools
PATH: /home/stiv/Android/Sdk/tools/bin
PATH: /home/stiv/Android/Sdk/platform-tools
PATH: /home/stiv/Android/Sdk/tools
PATH: /home/stiv/Android/Sdk/platform-tools
PATH: /home/stiv/Android/Sdk/ndk/21.3.6528147


## ----------- ##
## Core tests. ##
## ----------- ##

configure:2374: checking for a BSD-compatible install
configure:2442: result: /usr/bin/install -c
configure:2453: checking whether build environment is sane
configure:2508: result: yes
configure:2657: checking for a thread-safe mkdir -p
configure:2696: result: /bin/mkdir -p
configure:2703: checking for gawk
configure:2719: found /usr/bin/gawk
configure:2730: result: gawk
configure:2741: checking whether make sets $(MAKE)
configure:2763: result: yes
configure:2792: checking whether make supports nested variables
configure:2809: result: yes
configure:2938: checking whether make sets $(MAKE)
configure:2960: result: yes
configure:2974: checking build system type
configure:2988: result: x86_64-pc-linux-gnu
configure:3008: checking host system type
configure:3021: result: x86_64-pc-linux-gnu
configure:3057: result: Multi-threaded support disabled. Use --enable-threading to enable.
configure:3076: result: RDRAND Hardware RNG Hash Seed disabled. Use --enable-rdrand to enable
configure:3092: checking whether make supports nested variables
configure:3109: result: yes
configure:3130: checking whether make supports the include directive
configure:3145: make -f confmf.GNU && cat confinc.out
this is the am__doit target
configure:3148: $? = 0
configure:3167: result: yes (GNU style)
configure:3237: checking for gcc
configure:3264: result: /usr/bin/cc
configure:3493: checking for C compiler version
configure:3502: /usr/bin/cc --version >&5
cc (Ubuntu 9.3.0-17ubuntu1~20.04) 9.3.0
Copyright (C) 2019 Free Software Foundation, Inc.
This is free software; see the source for copying conditions.  There is NO
warranty; not even for MERCHANTABILITY or FITNESS FOR A PARTICULAR PURPOSE.

configure:3513: $? = 0
configure:3502: /usr/bin/cc -v >&5
Using built-in specs.
COLLECT_GCC=/usr/bin/cc
COLLECT_LTO_WRAPPER=/usr/lib/gcc/x86_64-linux-gnu/9/lto-wrapper
OFFLOAD_TARGET_NAMES=nvptx-none:hsa
OFFLOAD_TARGET_DEFAULT=1
Target: x86_64-linux-gnu
Configured with: ../src/configure -v --with-pkgversion='Ubuntu 9.3.0-17ubuntu1~20.04' --with-bugurl=file:///usr/share/doc/gcc-9/README.Bugs --enable-languages=c,ada,c++,go,brig,d,fortran,objc,obj-c++,gm2 --prefix=/usr --with-gcc-major-version-only --program-suffix=-9 --program-prefix=x86_64-linux-gnu- --enable-shared --enable-linker-build-id --libexecdir=/usr/lib --without-included-gettext --enable-threads=posix --libdir=/usr/lib --enable-nls --enable-clocale=gnu --enable-libstdcxx-debug --enable-libstdcxx-time=yes --with-default-libstdcxx-abi=new --enable-gnu-unique-object --disable-vtable-verify --enable-plugin --enable-default-pie --with-system-zlib --with-target-system-zlib=auto --enable-objc-gc=auto --enable-multiarch --disable-werror --with-arch-32=i686 --with-abi=m64 --with-multilib-list=m32,m64,mx32 --enable-multilib --with-tune=generic --enable-offload-targets=nvptx-none=/build/gcc-9-HskZEa/gcc-9-9.3.0/debian/tmp-nvptx/usr,hsa --without-cuda-driver --enable-checking=release --build=x86_64-linux-gnu --host=x86_64-linux-gnu --target=x86_64-linux-gnu
Thread model: posix
gcc version 9.3.0 (Ubuntu 9.3.0-17ubuntu1~20.04) 
configure:3513: $? = 0
configure:3502: /usr/bin/cc -V >&5
cc: error: unrecognized command line option '-V'
cc: fatal error: no input files
compilation terminated.
configure:3513: $? = 1
configure:3502: /usr/bin/cc -qversion >&5
cc: error: unrecognized command line option '-qversion'; did you mean '--version'?
cc: fatal error: no input files
compilation terminated.
configure:3513: $? = 1
configure:3533: checking whether the C compiler works
configure:3555: /usr/bin/cc    conftest.c  >&5
configure:3559: $? = 0
configure:3607: result: yes
configure:3610: checking for C compiler default output file name
configure:3612: result: a.out
configure:3618: checking for suffix of executables
configure:3625: /usr/bin/cc -o conftest    conftest.c  >&5
configure:3629: $? = 0
configure:3651: result: 
configure:3673: checking whether we are cross compiling
configure:3681: /usr/bin/cc -o conftest    conftest.c  >&5
configure:3685: $? = 0
configure:3692: ./conftest
configure:3696: $? = 0
configure:3684: result: no
configure:3689: checking for suffix of object files
configure:3711: /usr/bin/cc -c   conftest.c >&5
configure:3715: $? = 0
configure:3736: result: o
configure:3740: checking whether we are using the GNU C compiler
configure:3759: /usr/bin/cc -c   conftest.c >&5
configure:3759: $? = 0
configure:3768: result: yes
configure:3777: checking whether /usr/bin/cc accepts -g
configure:3797: /usr/bin/cc -c -g  conftest.c >&5
configure:3797: $? = 0
configure:3838: result: yes
configure:3855: checking for /usr/bin/cc option to accept ISO C89
configure:3918: /usr/bin/cc  -c -g -O2  conftest.c >&5
configure:3918: $? = 0
configure:3931: result: none needed
configure:3956: checking whether /usr/bin/cc understands -c and -o together
configure:3978: /usr/bin/cc -c conftest.c -o conftest2.o
configure:3981: $? = 0
configure:3978: /usr/bin/cc -c conftest.c -o conftest2.o
configure:3981: $? = 0
configure:3993: result: yes
configure:4012: checking dependency style of /usr/bin/cc
configure:4123: result: gcc3
configure:4139: checking for /usr/bin/cc option to accept ISO C99
configure:4288: /usr/bin/cc  -c -g -O2  conftest.c >&5
configure:4288: $? = 0
configure:4301: result: none needed
configure:4326: checking how to run the C preprocessor
configure:4357: /usr/bin/cc -E  conftest.c
configure:4357: $? = 0
configure:4371: /usr/bin/cc -E  conftest.c
conftest.c:11:10: fatal error: ac_nonexistent.h: No such file or directory
   11 | #include <ac_nonexistent.h>
      |          ^~~~~~~~~~~~~~~~~~
compilation terminated.
configure:4371: $? = 1
configure: failed program was:
| /* confdefs.h */
| #define PACKAGE_NAME "json-c"
| #define PACKAGE_TARNAME "json-c"
| #define PACKAGE_VERSION "0.13.1"
| #define PACKAGE_STRING "json-c 0.13.1"
| #define PACKAGE_BUGREPORT "json-c@googlegroups.com"
| #define PACKAGE_URL ""
| #define PACKAGE "json-c"
| #define VERSION "0.13.1"
| /* end confdefs.h.  */
| #include <ac_nonexistent.h>
configure:4396: result: /usr/bin/cc -E
configure:4416: /usr/bin/cc -E  conftest.c
configure:4416: $? = 0
configure:4430: /usr/bin/cc -E  conftest.c
conftest.c:11:10: fatal error: ac_nonexistent.h: No such file or directory
   11 | #include <ac_nonexistent.h>
      |          ^~~~~~~~~~~~~~~~~~
compilation terminated.
configure:4430: $? = 1
configure: failed program was:
| /* confdefs.h */
| #define PACKAGE_NAME "json-c"
| #define PACKAGE_TARNAME "json-c"
| #define PACKAGE_VERSION "0.13.1"
| #define PACKAGE_STRING "json-c 0.13.1"
| #define PACKAGE_BUGREPORT "json-c@googlegroups.com"
| #define PACKAGE_URL ""
| #define PACKAGE "json-c"
| #define VERSION "0.13.1"
| /* end confdefs.h.  */
| #include <ac_nonexistent.h>
configure:4459: checking for grep that handles long lines and -e
configure:4517: result: /bin/grep
configure:4522: checking for egrep
configure:4584: result: /bin/grep -E
configure:4589: checking for ANSI C header files
configure:4609: /usr/bin/cc -c -g -O2  conftest.c >&5
configure:4609: $? = 0
configure:4682: /usr/bin/cc -o conftest -g -O2   conftest.c  >&5
configure:4682: $? = 0
configure:4682: ./conftest
configure:4682: $? = 0
configure:4693: result: yes
configure:4706: checking for sys/types.h
configure:4706: /usr/bin/cc -c -g -O2  conftest.c >&5
configure:4706: $? = 0
configure:4706: result: yes
configure:4706: checking for sys/stat.h
configure:4706: /usr/bin/cc -c -g -O2  conftest.c >&5
configure:4706: $? = 0
configure:4706: result: yes
configure:4706: checking for stdlib.h
configure:4706: /usr/bin/cc -c -g -O2  conftest.c >&5
configure:4706: $? = 0
configure:4706: result: yes
configure:4706: checking for string.h
configure:4706: /usr/bin/cc -c -g -O2  conftest.c >&5
configure:4706: $? = 0
configure:4706: result: yes
configure:4706: checking for memory.h
configure:4706: /usr/bin/cc -c -g -O2  conftest.c >&5
configure:4706: $? = 0
configure:4706: result: yes
configure:4706: checking for strings.h
configure:4706: /usr/bin/cc -c -g -O2  conftest.c >&5
configure:4706: $? = 0
configure:4706: result: yes
configure:4706: checking for inttypes.h
configure:4706: /usr/bin/cc -c -g -O2  conftest.c >&5
configure:4706: $? = 0
configure:4706: result: yes
configure:4706: checking for stdint.h
configure:4706: /usr/bin/cc -c -g -O2  conftest.c >&5
configure:4706: $? = 0
configure:4706: result: yes
configure:4706: checking for unistd.h
configure:4706: /usr/bin/cc -c -g -O2  conftest.c >&5
configure:4706: $? = 0
configure:4706: result: yes
configure:4721: checking fcntl.h usability
configure:4721: /usr/bin/cc -c -g -O2  conftest.c >&5
configure:4721: $? = 0
configure:4721: result: yes
configure:4721: checking fcntl.h presence
configure:4721: /usr/bin/cc -E  conftest.c
configure:4721: $? = 0
configure:4721: result: yes
configure:4721: checking for fcntl.h
configure:4721: result: yes
configure:4721: checking limits.h usability
configure:4721: /usr/bin/cc -c -g -O2  conftest.c >&5
configure:4721: $? = 0
configure:4721: result: yes
configure:4721: checking limits.h presence
configure:4721: /usr/bin/cc -E  conftest.c
configure:4721: $? = 0
configure:4721: result: yes
configure:4721: checking for limits.h
configure:4721: result: yes
configure:4721: checking for strings.h
configure:4721: result: yes
configure:4721: checking syslog.h usability
configure:4721: /usr/bin/cc -c -g -O2  conftest.c >&5
configure:4721: $? = 0
configure:4721: result: yes
configure:4721: checking syslog.h presence
configure:4721: /usr/bin/cc -E  conftest.c
configure:4721: $? = 0
configure:4721: result: yes
configure:4721: checking for syslog.h
configure:4721: result: yes
configure:4721: checking for unistd.h
configure:4721: result: yes
configure:4721: checking sys/cdefs.h usability
configure:4721: /usr/bin/cc -c -g -O2  conftest.c >&5
configure:4721: $? = 0
configure:4721: result: yes
configure:4721: checking sys/cdefs.h presence
configure:4721: /usr/bin/cc -E  conftest.c
configure:4721: $? = 0
configure:4721: result: yes
configure:4721: checking for sys/cdefs.h
configure:4721: result: yes
configure:4721: checking sys/param.h usability
configure:4721: /usr/bin/cc -c -g -O2  conftest.c >&5
configure:4721: $? = 0
configure:4721: result: yes
configure:4721: checking sys/param.h presence
configure:4721: /usr/bin/cc -E  conftest.c
configure:4721: $? = 0
configure:4721: result: yes
configure:4721: checking for sys/param.h
configure:4721: result: yes
configure:4721: checking stdarg.h usability
configure:4721: /usr/bin/cc -c -g -O2  conftest.c >&5
configure:4721: $? = 0
configure:4721: result: yes
configure:4721: checking stdarg.h presence
configure:4721: /usr/bin/cc -E  conftest.c
configure:4721: $? = 0
configure:4721: result: yes
configure:4721: checking for stdarg.h
configure:4721: result: yes
configure:4721: checking locale.h usability
configure:4721: /usr/bin/cc -c -g -O2  conftest.c >&5
configure:4721: $? = 0
configure:4721: result: yes
configure:4721: checking locale.h presence
configure:4721: /usr/bin/cc -E  conftest.c
configure:4721: $? = 0
configure:4721: result: yes
configure:4721: checking for locale.h
configure:4721: result: yes
configure:4721: checking xlocale.h usability
configure:4721: /usr/bin/cc -c -g -O2  conftest.c >&5
conftest.c:63:10: fatal error: xlocale.h: No such file or directory
   63 | #include <xlocale.h>
      |          ^~~~~~~~~~~
compilation terminated.
configure:4721: $? = 1
configure: failed program was:
| /* confdefs.h */
| #define PACKAGE_NAME "json-c"
| #define PACKAGE_TARNAME "json-c"
| #define PACKAGE_VERSION "0.13.1"
| #define PACKAGE_STRING "json-c 0.13.1"
| #define PACKAGE_BUGREPORT "json-c@googlegroups.com"
| #define PACKAGE_URL ""
| #define PACKAGE "json-c"
| #define VERSION "0.13.1"
| #define STDC_HEADERS 1
| #define HAVE_SYS_TYPES_H 1
| #define HAVE_SYS_STAT_H 1
| #define HAVE_STDLIB_H 1
| #define HAVE_STRING_H 1
| #define HAVE_MEMORY_H 1
| #define HAVE_STRINGS_H 1
| #define HAVE_INTTYPES_H 1
| #define HAVE_STDINT_H 1
| #define HAVE_UNISTD_H 1
| #define HAVE_FCNTL_H 1
| #define HAVE_LIMITS_H 1
| #define HAVE_STRINGS_H 1
| #define HAVE_SYSLOG_H 1
| #define HAVE_UNISTD_H 1
| #define HAVE_SYS_CDEFS_H 1
| #define HAVE_SYS_PARAM_H 1
| #define HAVE_STDARG_H 1
| #define HAVE_LOCALE_H 1
| /* end confdefs.h.  */
| #include <stdio.h>
| #ifdef HAVE_SYS_TYPES_H
| # include <sys/types.h>
| #endif
| #ifdef HAVE_SYS_STAT_H
| # include <sys/stat.h>
| #endif
| #ifdef STDC_HEADERS
| # include <stdlib.h>
| # include <stddef.h>
| #else
| # ifdef HAVE_STDLIB_H
| #  include <stdlib.h>
| # endif
| #endif
| #ifdef HAVE_STRING_H
| # if !defined STDC_HEADERS && defined HAVE_MEMORY_H
| #  include <memory.h>
| # endif
| # include <string.h>
| #endif
| #ifdef HAVE_STRINGS_H
| # include <strings.h>
| #endif
| #ifdef HAVE_INTTYPES_H
| # include <inttypes.h>
| #endif
| #ifdef HAVE_STDINT_H
| # include <stdint.h>
| #endif
| #ifdef HAVE_UNISTD_H
| # include <unistd.h>
| #endif
| #include <xlocale.h>
configure:4721: result: no
configure:4721: checking xlocale.h presence
configure:4721: /usr/bin/cc -E  conftest.c
conftest.c:30:10: fatal error: xlocale.h: No such file or directory
   30 | #include <xlocale.h>
      |          ^~~~~~~~~~~
compilation terminated.
configure:4721: $? = 1
configure: failed program was:
| /* confdefs.h */
| #define PACKAGE_NAME "json-c"
| #define PACKAGE_TARNAME "json-c"
| #define PACKAGE_VERSION "0.13.1"
| #define PACKAGE_STRING "json-c 0.13.1"
| #define PACKAGE_BUGREPORT "json-c@googlegroups.com"
| #define PACKAGE_URL ""
| #define PACKAGE "json-c"
| #define VERSION "0.13.1"
| #define STDC_HEADERS 1
| #define HAVE_SYS_TYPES_H 1
| #define HAVE_SYS_STAT_H 1
| #define HAVE_STDLIB_H 1
| #define HAVE_STRING_H 1
| #define HAVE_MEMORY_H 1
| #define HAVE_STRINGS_H 1
| #define HAVE_INTTYPES_H 1
| #define HAVE_STDINT_H 1
| #define HAVE_UNISTD_H 1
| #define HAVE_FCNTL_H 1
| #define HAVE_LIMITS_H 1
| #define HAVE_STRINGS_H 1
| #define HAVE_SYSLOG_H 1
| #define HAVE_UNISTD_H 1
| #define HAVE_SYS_CDEFS_H 1
| #define HAVE_SYS_PARAM_H 1
| #define HAVE_STDARG_H 1
| #define HAVE_LOCALE_H 1
| /* end confdefs.h.  */
| #include <xlocale.h>
configure:4721: result: no
configure:4721: checking for xlocale.h
configure:4721: result: no
configure:4721: checking endian.h usability
configure:4721: /usr/bin/cc -c -g -O2  conftest.c >&5
configure:4721: $? = 0
configure:4721: result: yes
configure:4721: checking endian.h presence
configure:4721: /usr/bin/cc -E  conftest.c
configure:4721: $? = 0
configure:4721: result: yes
configure:4721: checking for endian.h
configure:4721: result: yes
configure:4731: checking for inttypes.h
configure:4731: result: yes
configure:4741: checking for an ANSI C-conforming const
configure:4807: /usr/bin/cc -c -g -O2  conftest.c >&5
configure:4807: $? = 0
configure:4814: result: yes
configure:4822: checking for size_t
configure:4822: /usr/bin/cc -c -g -O2  conftest.c >&5
configure:4822: $? = 0
configure:4822: /usr/bin/cc -c -g -O2  conftest.c >&5
conftest.c: In function 'main':
conftest.c:68:21: error: expected expression before ')' token
   68 | if (sizeof ((size_t)))
      |                     ^
configure:4822: $? = 1
configure: failed program was:
| /* confdefs.h */
| #define PACKAGE_NAME "json-c"
| #define PACKAGE_TARNAME "json-c"
| #define PACKAGE_VERSION "0.13.1"
| #define PACKAGE_STRING "json-c 0.13.1"
| #define PACKAGE_BUGREPORT "json-c@googlegroups.com"
| #define PACKAGE_URL ""
| #define PACKAGE "json-c"
| #define VERSION "0.13.1"
| #define STDC_HEADERS 1
| #define HAVE_SYS_TYPES_H 1
| #define HAVE_SYS_STAT_H 1
| #define HAVE_STDLIB_H 1
| #define HAVE_STRING_H 1
| #define HAVE_MEMORY_H 1
| #define HAVE_STRINGS_H 1
| #define HAVE_INTTYPES_H 1
| #define HAVE_STDINT_H 1
| #define HAVE_UNISTD_H 1
| #define HAVE_FCNTL_H 1
| #define HAVE_LIMITS_H 1
| #define HAVE_STRINGS_H 1
| #define HAVE_SYSLOG_H 1
| #define HAVE_UNISTD_H 1
| #define HAVE_SYS_CDEFS_H 1
| #define HAVE_SYS_PARAM_H 1
| #define HAVE_STDARG_H 1
| #define HAVE_LOCALE_H 1
| #define HAVE_ENDIAN_H 1
| #define JSON_C_HAVE_INTTYPES_H 1
| /* end confdefs.h.  */
| #include <stdio.h>
| #ifdef HAVE_SYS_TYPES_H
| # include <sys/types.h>
| #endif
| #ifdef HAVE_SYS_STAT_H
| # include <sys/stat.h>
| #endif
| #ifdef STDC_HEADERS
| # include <stdlib.h>
| # include <stddef.h>
| #else
| # ifdef HAVE_STDLIB_H
| #  include <stdlib.h>
| # endif
| #endif
| #ifdef HAVE_STRING_H
| # if !defined STDC_HEADERS && defined HAVE_MEMORY_H
| #  include <memory.h>
| # endif
| # include <string.h>
| #endif
| #ifdef HAVE_STRINGS_H
| # include <strings.h>
| #endif
| #ifdef HAVE_INTTYPES_H
| # include <inttypes.h>
| #endif
| #ifdef HAVE_STDINT_H
| # include <stdint.h>
| #endif
| #ifdef HAVE_UNISTD_H
| # include <unistd.h>
| #endif
| int
| main ()
| {
| if (sizeof ((size_t)))
| 	    return 0;
|   ;
|   return 0;
| }
configure:4822: result: yes
configure:4834: checking for __thread support
configure:4851: /usr/bin/cc -o conftest -g -O2   conftest.c  >&5
conftest.c: In function 'main':
conftest.c:37:1: warning: implicit declaration of function 'exit' [-Wimplicit-function-declaration]
   37 | exit (foo (0));
      | ^~~~
conftest.c:37:1: warning: incompatible implicit declaration of built-in function 'exit'
conftest.c:1:1: note: include '<stdlib.h>' or provide a declaration of 'exit'
    1 | /* confdefs.h */
configure:4851: $? = 0
configure:4860: result: yes
configure:4875: checking for vprintf
configure:4875: /usr/bin/cc -o conftest -g -O2   conftest.c  >&5
conftest.c:57:6: warning: conflicting types for built-in function 'vprintf'; expected 'int(const char *, __va_list_tag *)' [-Wbuiltin-declaration-mismatch]
   57 | char vprintf ();
      |      ^~~~~~~
conftest.c:45:1: note: 'vprintf' is declared in header '<stdio.h>'
   44 | # include <limits.h>
   45 | #else
configure:4875: $? = 0
configure:4875: result: yes
configure:4881: checking for _doprnt
configure:4881: /usr/bin/cc -o conftest -g -O2   conftest.c  >&5
/usr/bin/ld: /tmp/ccBczQtz.o: in function `main':
/home/stiv/Repository/spatial-laboratory/spatialite-react-native/Geo-Spatialite-Android/app/src/main/jni/json-c-0.13.1/conftest.c:69: undefined reference to `_doprnt'
collect2: error: ld returned 1 exit status
configure:4881: $? = 1
configure: failed program was:
| /* confdefs.h */
| #define PACKAGE_NAME "json-c"
| #define PACKAGE_TARNAME "json-c"
| #define PACKAGE_VERSION "0.13.1"
| #define PACKAGE_STRING "json-c 0.13.1"
| #define PACKAGE_BUGREPORT "json-c@googlegroups.com"
| #define PACKAGE_URL ""
| #define PACKAGE "json-c"
| #define VERSION "0.13.1"
| #define STDC_HEADERS 1
| #define HAVE_SYS_TYPES_H 1
| #define HAVE_SYS_STAT_H 1
| #define HAVE_STDLIB_H 1
| #define HAVE_STRING_H 1
| #define HAVE_MEMORY_H 1
| #define HAVE_STRINGS_H 1
| #define HAVE_INTTYPES_H 1
| #define HAVE_STDINT_H 1
| #define HAVE_UNISTD_H 1
| #define HAVE_FCNTL_H 1
| #define HAVE_LIMITS_H 1
| #define HAVE_STRINGS_H 1
| #define HAVE_SYSLOG_H 1
| #define HAVE_UNISTD_H 1
| #define HAVE_SYS_CDEFS_H 1
| #define HAVE_SYS_PARAM_H 1
| #define HAVE_STDARG_H 1
| #define HAVE_LOCALE_H 1
| #define HAVE_ENDIAN_H 1
| #define JSON_C_HAVE_INTTYPES_H 1
| #define HAVE___THREAD 1
| #define SPEC___THREAD __thread
| #define HAVE_VPRINTF 1
| /* end confdefs.h.  */
| /* Define _doprnt to an innocuous variant, in case <limits.h> declares _doprnt.
|    For example, HP-UX 11i <limits.h> declares gettimeofday.  */
| #define _doprnt innocuous__doprnt
| 
| /* System header to define __stub macros and hopefully few prototypes,
|     which can conflict with char _doprnt (); below.
|     Prefer <limits.h> to <assert.h> if __STDC__ is defined, since
|     <limits.h> exists even on freestanding compilers.  */
| 
| #ifdef __STDC__
| # include <limits.h>
| #else
| # include <assert.h>
| #endif
| 
| #undef _doprnt
| 
| /* Override any GCC internal prototype to avoid an error.
|    Use char because int might match the return type of a GCC
|    builtin and then its argument prototype would still apply.  */
| #ifdef __cplusplus
| extern "C"
| #endif
| char _doprnt ();
| /* The GNU C library defines this for functions which it implements
|     to always fail with ENOSYS.  Some functions are actually named
|     something starting with __ and the normal name is an alias.  */
| #if defined __stub__doprnt || defined __stub____doprnt
| choke me
| #endif
| 
| int
| main ()
| {
| return _doprnt ();
|   ;
|   return 0;
| }
configure:4881: result: no
configure:4892: checking for working memcmp
configure:4935: /usr/bin/cc -o conftest -g -O2   conftest.c  >&5
configure:4935: $? = 0
configure:4935: ./conftest
configure:4935: $? = 0
configure:4945: result: yes
configure:4956: checking for realloc
configure:4956: /usr/bin/cc -o conftest -g -O2   conftest.c  >&5
conftest.c:58:6: warning: conflicting types for built-in function 'realloc'; expected 'void *(void *, long unsigned int)' [-Wbuiltin-declaration-mismatch]
   58 | char realloc ();
      |      ^~~~~~~
conftest.c:46:1: note: 'realloc' is declared in header '<stdlib.h>'
   45 | # include <limits.h>
   46 | #else
configure:4956: $? = 0
configure:4956: result: yes
configure:4968: checking for strcasecmp
configure:4968: /usr/bin/cc -o conftest -g -O2   conftest.c  >&5
conftest.c:59:6: warning: conflicting types for built-in function 'strcasecmp'; expected 'int(const char *, const char *)' [-Wbuiltin-declaration-mismatch]
   59 | char strcasecmp ();
      |      ^~~~~~~~~~
configure:4968: $? = 0
configure:4968: result: yes
configure:4968: checking for strdup
configure:4968: /usr/bin/cc -o conftest -g -O2   conftest.c  >&5
conftest.c:60:6: warning: conflicting types for built-in function 'strdup'; expected 'char *(const char *)' [-Wbuiltin-declaration-mismatch]
   60 | char strdup ();
      |      ^~~~~~
configure:4968: $? = 0
configure:4968: result: yes
configure:4968: checking for strerror
configure:4968: /usr/bin/cc -o conftest -g -O2   conftest.c  >&5
configure:4968: $? = 0
configure:4968: result: yes
configure:4968: checking for snprintf
configure:4968: /usr/bin/cc -o conftest -g -O2   conftest.c  >&5
conftest.c:62:6: warning: conflicting types for built-in function 'snprintf'; expected 'int(char *, long unsigned int,  const char *, ...)' [-Wbuiltin-declaration-mismatch]
   62 | char snprintf ();
      |      ^~~~~~~~
conftest.c:50:1: note: 'snprintf' is declared in header '<stdio.h>'
   49 | # include <limits.h>
   50 | #else
configure:4968: $? = 0
configure:4968: result: yes
configure:4968: checking for vsnprintf
configure:4968: /usr/bin/cc -o conftest -g -O2   conftest.c  >&5
conftest.c:63:6: warning: conflicting types for built-in function 'vsnprintf'; expected 'int(char *, long unsigned int,  const char *, __va_list_tag *)' [-Wbuiltin-declaration-mismatch]
   63 | char vsnprintf ();
      |      ^~~~~~~~~
conftest.c:51:1: note: 'vsnprintf' is declared in header '<stdio.h>'
   50 | # include <limits.h>
   51 | #else
configure:4968: $? = 0
configure:4968: result: yes
configure:4968: checking for vasprintf
configure:4968: /usr/bin/cc -o conftest -g -O2   conftest.c  >&5
configure:4968: $? = 0
configure:4968: result: yes
configure:4968: checking for open
configure:4968: /usr/bin/cc -o conftest -g -O2   conftest.c  >&5
configure:4968: $? = 0
configure:4968: result: yes
configure:4968: checking for vsyslog
configure:4968: /usr/bin/cc -o conftest -g -O2   conftest.c  >&5
configure:4968: $? = 0
configure:4968: result: yes
configure:4968: checking for strncasecmp
configure:4968: /usr/bin/cc -o conftest -g -O2   conftest.c  >&5
conftest.c:67:6: warning: conflicting types for built-in function 'strncasecmp'; expected 'int(const char *, const char *, long unsigned int)' [-Wbuiltin-declaration-mismatch]
   67 | char strncasecmp ();
      |      ^~~~~~~~~~~
configure:4968: $? = 0
configure:4968: result: yes
configure:4968: checking for setlocale
configure:4968: /usr/bin/cc -o conftest -g -O2   conftest.c  >&5
configure:4968: $? = 0
configure:4968: result: yes
configure:4977: checking whether INFINITY is declared
configure:4977: /usr/bin/cc -c -g -O2  conftest.c >&5
configure:4977: $? = 0
configure:4977: result: yes
configure:4989: checking whether nan is declared
configure:4989: /usr/bin/cc -c -g -O2  conftest.c >&5
configure:4989: $? = 0
configure:4989: result: yes
configure:5001: checking whether isnan is declared
configure:5001: /usr/bin/cc -c -g -O2  conftest.c >&5
configure:5001: $? = 0
configure:5001: result: yes
configure:5013: checking whether isinf is declared
configure:5013: /usr/bin/cc -c -g -O2  conftest.c >&5
configure:5013: $? = 0
configure:5013: result: yes
configure:5025: checking whether _isnan is declared
configure:5025: /usr/bin/cc -c -g -O2  conftest.c >&5
conftest.c: In function 'main':
conftest.c:59:10: error: '_isnan' undeclared (first use in this function)
   59 |   (void) _isnan;
      |          ^~~~~~
conftest.c:59:10: note: each undeclared identifier is reported only once for each function it appears in
configure:5025: $? = 1
configure: failed program was:
| /* confdefs.h */
| #define PACKAGE_NAME "json-c"
| #define PACKAGE_TARNAME "json-c"
| #define PACKAGE_VERSION "0.13.1"
| #define PACKAGE_STRING "json-c 0.13.1"
| #define PACKAGE_BUGREPORT "json-c@googlegroups.com"
| #define PACKAGE_URL ""
| #define PACKAGE "json-c"
| #define VERSION "0.13.1"
| #define STDC_HEADERS 1
| #define HAVE_SYS_TYPES_H 1
| #define HAVE_SYS_STAT_H 1
| #define HAVE_STDLIB_H 1
| #define HAVE_STRING_H 1
| #define HAVE_MEMORY_H 1
| #define HAVE_STRINGS_H 1
| #define HAVE_INTTYPES_H 1
| #define HAVE_STDINT_H 1
| #define HAVE_UNISTD_H 1
| #define HAVE_FCNTL_H 1
| #define HAVE_LIMITS_H 1
| #define HAVE_STRINGS_H 1
| #define HAVE_SYSLOG_H 1
| #define HAVE_UNISTD_H 1
| #define HAVE_SYS_CDEFS_H 1
| #define HAVE_SYS_PARAM_H 1
| #define HAVE_STDARG_H 1
| #define HAVE_LOCALE_H 1
| #define HAVE_ENDIAN_H 1
| #define JSON_C_HAVE_INTTYPES_H 1
| #define HAVE___THREAD 1
| #define SPEC___THREAD __thread
| #define HAVE_VPRINTF 1
| #define HAVE_REALLOC 1
| #define HAVE_STRCASECMP 1
| #define HAVE_STRDUP 1
| #define HAVE_STRERROR 1
| #define HAVE_SNPRINTF 1
| #define HAVE_VSNPRINTF 1
| #define HAVE_VASPRINTF 1
| #define HAVE_OPEN 1
| #define HAVE_VSYSLOG 1
| #define HAVE_STRNCASECMP 1
| #define HAVE_SETLOCALE 1
| #define HAVE_DECL_INFINITY 1
| #define HAVE_DECL_NAN 1
| #define HAVE_DECL_ISNAN 1
| #define HAVE_DECL_ISINF 1
| /* end confdefs.h.  */
| #include <float.h>
| 
| int
| main ()
| {
| #ifndef _isnan
| #ifdef __cplusplus
|   (void) _isnan;
| #else
|   (void) _isnan;
| #endif
| #endif
| 
|   ;
|   return 0;
| }
configure:5025: result: no
configure:5037: checking whether _finite is declared
configure:5037: /usr/bin/cc -c -g -O2  conftest.c >&5
conftest.c: In function 'main':
conftest.c:60:10: error: '_finite' undeclared (first use in this function)
   60 |   (void) _finite;
      |          ^~~~~~~
conftest.c:60:10: note: each undeclared identifier is reported only once for each function it appears in
configure:5037: $? = 1
configure: failed program was:
| /* confdefs.h */
| #define PACKAGE_NAME "json-c"
| #define PACKAGE_TARNAME "json-c"
| #define PACKAGE_VERSION "0.13.1"
| #define PACKAGE_STRING "json-c 0.13.1"
| #define PACKAGE_BUGREPORT "json-c@googlegroups.com"
| #define PACKAGE_URL ""
| #define PACKAGE "json-c"
| #define VERSION "0.13.1"
| #define STDC_HEADERS 1
| #define HAVE_SYS_TYPES_H 1
| #define HAVE_SYS_STAT_H 1
| #define HAVE_STDLIB_H 1
| #define HAVE_STRING_H 1
| #define HAVE_MEMORY_H 1
| #define HAVE_STRINGS_H 1
| #define HAVE_INTTYPES_H 1
| #define HAVE_STDINT_H 1
| #define HAVE_UNISTD_H 1
| #define HAVE_FCNTL_H 1
| #define HAVE_LIMITS_H 1
| #define HAVE_STRINGS_H 1
| #define HAVE_SYSLOG_H 1
| #define HAVE_UNISTD_H 1
| #define HAVE_SYS_CDEFS_H 1
| #define HAVE_SYS_PARAM_H 1
| #define HAVE_STDARG_H 1
| #define HAVE_LOCALE_H 1
| #define HAVE_ENDIAN_H 1
| #define JSON_C_HAVE_INTTYPES_H 1
| #define HAVE___THREAD 1
| #define SPEC___THREAD __thread
| #define HAVE_VPRINTF 1
| #define HAVE_REALLOC 1
| #define HAVE_STRCASECMP 1
| #define HAVE_STRDUP 1
| #define HAVE_STRERROR 1
| #define HAVE_SNPRINTF 1
| #define HAVE_VSNPRINTF 1
| #define HAVE_VASPRINTF 1
| #define HAVE_OPEN 1
| #define HAVE_VSYSLOG 1
| #define HAVE_STRNCASECMP 1
| #define HAVE_SETLOCALE 1
| #define HAVE_DECL_INFINITY 1
| #define HAVE_DECL_NAN 1
| #define HAVE_DECL_ISNAN 1
| #define HAVE_DECL_ISINF 1
| #define HAVE_DECL__ISNAN 0
| /* end confdefs.h.  */
| #include <float.h>
| 
| int
| main ()
| {
| #ifndef _finite
| #ifdef __cplusplus
|   (void) _finite;
| #else
|   (void) _finite;
| #endif
| #endif
| 
|   ;
|   return 0;
| }
configure:5037: result: no
configure:5049: checking for GCC atomic builtins
configure:5068: /usr/bin/cc -o conftest -g -O2   conftest.c  >&5
configure:5068: $? = 0
configure:5070: result: yes
configure:5091: checking for uselocale
configure:5091: /usr/bin/cc -o conftest -g -O2   conftest.c  >&5
configure:5091: $? = 0
configure:5091: result: yes
configure:5117: /usr/bin/cc -o conftest -g -O2   conftest.c  >&5
configure:5117: $? = 0
configure:5134: checking if .gnu.warning accepts long strings
configure:5145: /usr/bin/cc -o conftest -g -O2   conftest.c  >&5
/tmp/ccNrbdTW.s: Assembler messages:
/tmp/ccNrbdTW.s:5: Error: character following name is not '#'
configure:5145: $? = 1
configure: failed program was:
| /* confdefs.h */
| #define PACKAGE_NAME "json-c"
| #define PACKAGE_TARNAME "json-c"
| #define PACKAGE_VERSION "0.13.1"
| #define PACKAGE_STRING "json-c 0.13.1"
| #define PACKAGE_BUGREPORT "json-c@googlegroups.com"
| #define PACKAGE_URL ""
| #define PACKAGE "json-c"
| #define VERSION "0.13.1"
| #define STDC_HEADERS 1
| #define HAVE_SYS_TYPES_H 1
| #define HAVE_SYS_STAT_H 1
| #define HAVE_STDLIB_H 1
| #define HAVE_STRING_H 1
| #define HAVE_MEMORY_H 1
| #define HAVE_STRINGS_H 1
| #define HAVE_INTTYPES_H 1
| #define HAVE_STDINT_H 1
| #define HAVE_UNISTD_H 1
| #define HAVE_FCNTL_H 1
| #define HAVE_LIMITS_H 1
| #define HAVE_STRINGS_H 1
| #define HAVE_SYSLOG_H 1
| #define HAVE_UNISTD_H 1
| #define HAVE_SYS_CDEFS_H 1
| #define HAVE_SYS_PARAM_H 1
| #define HAVE_STDARG_H 1
| #define HAVE_LOCALE_H 1
| #define HAVE_ENDIAN_H 1
| #define JSON_C_HAVE_INTTYPES_H 1
| #define HAVE___THREAD 1
| #define SPEC___THREAD __thread
| #define HAVE_VPRINTF 1
| #define HAVE_REALLOC 1
| #define HAVE_STRCASECMP 1
| #define HAVE_STRDUP 1
| #define HAVE_STRERROR 1
| #define HAVE_SNPRINTF 1
| #define HAVE_VSNPRINTF 1
| #define HAVE_VASPRINTF 1
| #define HAVE_OPEN 1
| #define HAVE_VSYSLOG 1
| #define HAVE_STRNCASECMP 1
| #define HAVE_SETLOCALE 1
| #define HAVE_DECL_INFINITY 1
| #define HAVE_DECL_NAN 1
| #define HAVE_DECL_ISNAN 1
| #define HAVE_DECL_ISINF 1
| #define HAVE_DECL__ISNAN 0
| #define HAVE_DECL__FINITE 0
| #define HAVE_ATOMIC_BUILTINS 1
| #define HAVE_USELOCALE 1
| /* end confdefs.h.  */
| 
| extern void json_object_get();
| __asm__(".section .gnu.json_object_get,\n\t.ascii \"Please link against libjson-c instead of libjson\"\n\t.text");
| 
| int main(int c,char* v) {return 0;}
| 
configure:5155: result: no
configure:5215: checking how to print strings
configure:5242: result: printf
configure:5263: checking for a sed that does not truncate output
configure:5327: result: /bin/sed
configure:5345: checking for fgrep
configure:5407: result: /bin/grep -F
configure:5442: checking for ld used by /usr/bin/cc
configure:5509: result: /usr/bin/ld
configure:5516: checking if the linker (/usr/bin/ld) is GNU ld
configure:5531: result: yes
configure:5543: checking for BSD- or MS-compatible name lister (nm)
configure:5597: result: /usr/bin/nm -B
configure:5727: checking the name lister (/usr/bin/nm -B) interface
configure:5734: /usr/bin/cc -c -g -O2  conftest.c >&5
configure:5737: /usr/bin/nm -B "conftest.o"
configure:5740: output
0000000000000000 B some_variable
configure:5741: result: BSD nm
configure:5744: checking whether ln -s works
configure:5748: result: yes
configure:5756: checking the maximum length of command line arguments
configure:5887: result: 1572864
configure:5935: checking how to convert x86_64-pc-linux-gnu file names to x86_64-pc-linux-gnu format
configure:5975: result: func_convert_file_noop
configure:5982: checking how to convert x86_64-pc-linux-gnu file names to toolchain format
configure:6002: result: func_convert_file_noop
configure:6009: checking for /usr/bin/ld option to reload object files
configure:6016: result: -r
configure:6090: checking for objdump
configure:6106: found /usr/bin/objdump
configure:6117: result: objdump
configure:6149: checking how to recognize dependent libraries
configure:6349: result: pass_all
configure:6434: checking for dlltool
configure:6464: result: no
configure:6494: checking how to associate runtime and link libraries
configure:6521: result: printf %s\n
configure:6581: checking for ar
configure:6597: found /usr/bin/ar
configure:6608: result: ar
configure:6645: checking for archiver @FILE support
configure:6662: /usr/bin/cc -c -g -O2  conftest.c >&5
configure:6662: $? = 0
configure:6665: ar cr libconftest.a @conftest.lst >&5
configure:6668: $? = 0
configure:6673: ar cr libconftest.a @conftest.lst >&5
ar: conftest.o: No such file or directory
configure:6676: $? = 1
configure:6675: result: @
configure:6733: checking for strip
configure:6749: found /usr/bin/strip
configure:6760: result: strip
configure:6832: checking for ranlib
configure:6848: found /usr/bin/ranlib
configure:6859: result: ranlib
configure:6961: checking command to parse /usr/bin/nm -B output from /usr/bin/cc object
configure:7114: /usr/bin/cc -c -g -O2  conftest.c >&5
configure:7117: $? = 0
configure:7121: /usr/bin/nm -B conftest.o | sed -n -e 's/^.*[	 ]\([ABCDGIRSTW][ABCDGIRSTW]*\)[	 ][	 ]*\([_A-Za-z][_A-Za-z0-9]*\)$/\1 \2 \2/p' | sed '/ __gnu_lto/d' > conftest.nm
configure:7187: /usr/bin/cc -o conftest -g -O2   conftest.c conftstm.o >&5
configure:7190: $? = 0
configure:7228: result: ok
configure:7275: checking for sysroot
configure:7305: result: no
configure:7312: checking for a working dd
configure:7350: result: /bin/dd
configure:7354: checking how to truncate binary pipes
configure:7369: result: /bin/dd bs=4096 count=1
configure:7505: /usr/bin/cc -c -g -O2  conftest.c >&5
configure:7508: $? = 0
configure:7698: checking for mt
configure:7714: found /bin/mt
configure:7725: result: mt
configure:7748: checking if mt is a manifest tool
configure:7754: mt '-?'
configure:7762: result: no
configure:8436: checking for dlfcn.h
configure:8436: /usr/bin/cc -c -g -O2  conftest.c >&5
configure:8436: $? = 0
configure:8436: result: yes
configure:8692: checking for objdir
configure:8707: result: .libs
configure:8971: checking if /usr/bin/cc supports -fno-rtti -fno-exceptions
configure:8989: /usr/bin/cc -c -g -O2  -fno-rtti -fno-exceptions conftest.c >&5
cc1: warning: command line option '-fno-rtti' is valid for C++/D/ObjC++ but not for C
configure:8993: $? = 0
configure:9006: result: no
configure:9370: checking for /usr/bin/cc option to produce PIC
configure:9377: result: -fPIC -DPIC
configure:9385: checking if /usr/bin/cc PIC flag -fPIC -DPIC works
configure:9403: /usr/bin/cc -c -g -O2  -fPIC -DPIC -DPIC conftest.c >&5
configure:9407: $? = 0
configure:9420: result: yes
configure:9449: checking if /usr/bin/cc static flag -static works
configure:9477: result: yes
configure:9492: checking if /usr/bin/cc supports -c -o file.o
configure:9513: /usr/bin/cc -c -g -O2  -o out/conftest2.o conftest.c >&5
configure:9517: $? = 0
configure:9539: result: yes
configure:9547: checking if /usr/bin/cc supports -c -o file.o
configure:9594: result: yes
configure:9627: checking whether the /usr/bin/cc linker (/usr/bin/ld -m elf_x86_64) supports shared libraries
configure:10890: result: yes
configure:10927: checking whether -lc should be explicitly linked in
configure:10935: /usr/bin/cc -c -g -O2  conftest.c >&5
configure:10938: $? = 0
configure:10953: /usr/bin/cc -shared  -fPIC -DPIC conftest.o  -v -Wl,-soname -Wl,conftest -o conftest 2\>\&1 \| /bin/grep  -lc  \>/dev/null 2\>\&1
configure:10956: $? = 0
configure:10970: result: no
configure:11130: checking dynamic linker characteristics
configure:11711: /usr/bin/cc -o conftest -g -O2   -Wl,-rpath -Wl,/foo conftest.c  >&5
configure:11711: $? = 0
configure:11960: result: GNU/Linux ld.so
configure:12082: checking how to hardcode library paths into programs
configure:12107: result: immediate
configure:12655: checking whether stripping libraries is possible
configure:12660: result: yes
configure:12695: checking if libtool supports shared libraries
configure:12697: result: yes
configure:12700: checking whether to build shared libraries
configure:12725: result: yes
configure:12728: checking whether to build static libraries
configure:12732: result: yes
configure:9558: checking for -Bsymbolic-functions linker flag
configure:9572: /usr/bin/cc -o conftest -g -O2  -Wl,-Bsymbolic-functions conftest.c  >&5
configure:9572: $? = 0
configure:9574: result: yes
configure:9602: checking whether C compiler accepts -Wall
configure:9621: /usr/bin/cc -c -g -O2  -Wall  conftest.c >&5
configure:9621: $? = 0
configure:9630: result: yes
configure:9646: : CFLAGS="$CFLAGS"
configure:9649: $? = 0
configure:9602: checking whether C compiler accepts -Werror
configure:9621: /usr/bin/cc -c -g -O2 -Wall  -Werror  conftest.c >&5
configure:9621: $? = 0
configure:9630: result: yes
configure:9646: : CFLAGS="$CFLAGS"
configure:9649: $? = 0
configure:9602: checking whether C compiler accepts -Wcast-qual
configure:9621: /usr/bin/cc -c -g -O2 -Wall -Werror  -Wcast-qual  conftest.c >&5
configure:9621: $? = 0
configure:9630: result: yes
configure:9646: : CFLAGS="$CFLAGS"
configure:9649: $? = 0
configure:9602: checking whether C compiler accepts -Wno-error=deprecated-declarations
configure:9621: /usr/bin/cc -c -g -O2 -Wall -Werror -Wcast-qual  -Wno-error=deprecated-declarations  conftest.c >&5
configure:9621: $? = 0
configure:9630: result: yes
configure:9646: : CFLAGS="$CFLAGS"
configure:9649: $? = 0
configure:9677: checking whether C compiler accepts -Wextra
configure:9696: /usr/bin/cc -c -g -O2 -Wall -Werror -Wcast-qual -Wno-error=deprecated-declarations  -Wextra  conftest.c >&5
configure:9696: $? = 0
configure:9705: result: yes
configure:9721: : CFLAGS="$CFLAGS"
configure:9724: $? = 0
configure:9677: checking whether C compiler accepts -Wwrite-string
configure:9696: /usr/bin/cc -c -g -O2 -Wall -Werror -Wcast-qual -Wno-error=deprecated-declarations -Wextra  -Wwrite-string  conftest.c >&5
cc: error: unrecognized command line option '-Wwrite-string'; did you mean '-Wwrite-strings'?
configure:9696: $? = 1
configure: failed program was:
| /* confdefs.h */
| #define PACKAGE_NAME "json-c"
| #define PACKAGE_TARNAME "json-c"
| #define PACKAGE_VERSION "0.13.1"
| #define PACKAGE_STRING "json-c 0.13.1"
| #define PACKAGE_BUGREPORT "json-c@googlegroups.com"
| #define PACKAGE_URL ""
| #define PACKAGE "json-c"
| #define VERSION "0.13.1"
| #define STDC_HEADERS 1
| #define HAVE_SYS_TYPES_H 1
| #define HAVE_SYS_STAT_H 1
| #define HAVE_STDLIB_H 1
| #define HAVE_STRING_H 1
| #define HAVE_MEMORY_H 1
| #define HAVE_STRINGS_H 1
| #define HAVE_INTTYPES_H 1
| #define HAVE_STDINT_H 1
| #define HAVE_UNISTD_H 1
| #define HAVE_FCNTL_H 1
| #define HAVE_LIMITS_H 1
| #define HAVE_STRINGS_H 1
| #define HAVE_SYSLOG_H 1
| #define HAVE_UNISTD_H 1
| #define HAVE_SYS_CDEFS_H 1
| #define HAVE_SYS_PARAM_H 1
| #define HAVE_STDARG_H 1
| #define HAVE_LOCALE_H 1
| #define HAVE_ENDIAN_H 1
| #define JSON_C_HAVE_INTTYPES_H 1
| #define HAVE___THREAD 1
| #define SPEC___THREAD __thread
| #define HAVE_VPRINTF 1
| #define HAVE_REALLOC 1
| #define HAVE_STRCASECMP 1
| #define HAVE_STRDUP 1
| #define HAVE_STRERROR 1
| #define HAVE_SNPRINTF 1
| #define HAVE_VSNPRINTF 1
| #define HAVE_VASPRINTF 1
| #define HAVE_OPEN 1
| #define HAVE_VSYSLOG 1
| #define HAVE_STRNCASECMP 1
| #define HAVE_SETLOCALE 1
| #define HAVE_DECL_INFINITY 1
| #define HAVE_DECL_NAN 1
| #define HAVE_DECL_ISNAN 1
| #define HAVE_DECL_ISINF 1
| #define HAVE_DECL__ISNAN 0
| #define HAVE_DECL__FINITE 0
| #define HAVE_ATOMIC_BUILTINS 1
| #define HAVE_USELOCALE 1
| #define HAVE_DLFCN_H 1
| #define LT_OBJDIR ".libs/"
| /* end confdefs.h.  */
| 
| int
| main ()
| {
| 
|   ;
|   return 0;
| }
configure:9705: result: no
configure:9677: checking whether C compiler accepts -Wno-unused-parameter
configure:9696: /usr/bin/cc -c -g -O2 -Wall -Werror -Wcast-qual -Wno-error=deprecated-declarations -Wextra  -Wno-unused-parameter  conftest.c >&5
configure:9696: $? = 0
configure:9705: result: yes
configure:9721: : CFLAGS="$CFLAGS"
configure:9724: $? = 0
configure:9752: checking whether C compiler accepts -D_GNU_SOURCE
configure:9771: /usr/bin/cc -c -g -O2 -Wall -Werror -Wcast-qual -Wno-error=deprecated-declarations -Wextra -Wno-unused-parameter  -D_GNU_SOURCE  conftest.c >&5
configure:9771: $? = 0
configure:9780: result: yes
configure:9796: : CFLAGS="$CFLAGS"
configure:9799: $? = 0
configure:9828: checking for compatibility with _REENTRANT and toolchain headers
configure:9843: /usr/bin/cc -o conftest -g -O2 -Wall -Werror -Wcast-qual -Wno-error=deprecated-declarations -Wextra -Wno-unused-parameter -D_GNU_SOURCE   conftest.c  >&5
configure:9843: $? = 0
configure:9845: result: yes
configure:9853: checking whether C compiler accepts -D_REENTRANT
configure:9872: /usr/bin/cc -c -g -O2 -Wall -Werror -Wcast-qual -Wno-error=deprecated-declarations -Wextra -Wno-unused-parameter -D_GNU_SOURCE  -D_REENTRANT  conftest.c >&5
configure:9872: $? = 0
configure:9881: result: yes
configure:9897: : CFLAGS="$CFLAGS"
configure:9900: $? = 0
configure:9939: checking size of int
configure:9959: /usr/bin/cc -c -g -O2 -Wall -Werror -Wcast-qual -Wno-error=deprecated-declarations -Wextra -Wno-unused-parameter -D_GNU_SOURCE -D_REENTRANT  conftest.c >&5
configure:9959: $? = 0
configure:9971: result: 4
configure:9979: checking size of long
configure:9999: /usr/bin/cc -c -g -O2 -Wall -Werror -Wcast-qual -Wno-error=deprecated-declarations -Wextra -Wno-unused-parameter -D_GNU_SOURCE -D_REENTRANT  conftest.c >&5
conftest.c: In function 'main':
conftest.c:64:20: error: duplicate case value
   64 | switch (0) case 0: case (sizeof (long) == 4):;
      |                    ^~~~
conftest.c:64:12: note: previously used here
   64 | switch (0) case 0: case (sizeof (long) == 4):;
      |            ^~~~
configure:9999: $? = 1
configure: failed program was:
| /* confdefs.h */
| #define PACKAGE_NAME "json-c"
| #define PACKAGE_TARNAME "json-c"
| #define PACKAGE_VERSION "0.13.1"
| #define PACKAGE_STRING "json-c 0.13.1"
| #define PACKAGE_BUGREPORT "json-c@googlegroups.com"
| #define PACKAGE_URL ""
| #define PACKAGE "json-c"
| #define VERSION "0.13.1"
| #define STDC_HEADERS 1
| #define HAVE_SYS_TYPES_H 1
| #define HAVE_SYS_STAT_H 1
| #define HAVE_STDLIB_H 1
| #define HAVE_STRING_H 1
| #define HAVE_MEMORY_H 1
| #define HAVE_STRINGS_H 1
| #define HAVE_INTTYPES_H 1
| #define HAVE_STDINT_H 1
| #define HAVE_UNISTD_H 1
| #define HAVE_FCNTL_H 1
| #define HAVE_LIMITS_H 1
| #define HAVE_STRINGS_H 1
| #define HAVE_SYSLOG_H 1
| #define HAVE_UNISTD_H 1
| #define HAVE_SYS_CDEFS_H 1
| #define HAVE_SYS_PARAM_H 1
| #define HAVE_STDARG_H 1
| #define HAVE_LOCALE_H 1
| #define HAVE_ENDIAN_H 1
| #define JSON_C_HAVE_INTTYPES_H 1
| #define HAVE___THREAD 1
| #define SPEC___THREAD __thread
| #define HAVE_VPRINTF 1
| #define HAVE_REALLOC 1
| #define HAVE_STRCASECMP 1
| #define HAVE_STRDUP 1
| #define HAVE_STRERROR 1
| #define HAVE_SNPRINTF 1
| #define HAVE_VSNPRINTF 1
| #define HAVE_VASPRINTF 1
| #define HAVE_OPEN 1
| #define HAVE_VSYSLOG 1
| #define HAVE_STRNCASECMP 1
| #define HAVE_SETLOCALE 1
| #define HAVE_DECL_INFINITY 1
| #define HAVE_DECL_NAN 1
| #define HAVE_DECL_ISNAN 1
| #define HAVE_DECL_ISINF 1
| #define HAVE_DECL__ISNAN 0
| #define HAVE_DECL__FINITE 0
| #define HAVE_ATOMIC_BUILTINS 1
| #define HAVE_USELOCALE 1
| #define HAVE_DLFCN_H 1
| #define LT_OBJDIR ".libs/"
| #define SIZEOF_INT 4
| /* end confdefs.h.  */
| 
| #include <sys/types.h>
| 
| 
| int
| main ()
| {
| switch (0) case 0: case (sizeof (long) == 4):;
|   ;
|   return 0;
| }
configure:9999: /usr/bin/cc -c -g -O2 -Wall -Werror -Wcast-qual -Wno-error=deprecated-declarations -Wextra -Wno-unused-parameter -D_GNU_SOURCE -D_REENTRANT  conftest.c >&5
configure:9999: $? = 0
configure:10011: result: 8
configure:10019: checking size of long long
configure:10039: /usr/bin/cc -c -g -O2 -Wall -Werror -Wcast-qual -Wno-error=deprecated-declarations -Wextra -Wno-unused-parameter -D_GNU_SOURCE -D_REENTRANT  conftest.c >&5
conftest.c: In function 'main':
conftest.c:65:20: error: duplicate case value
   65 | switch (0) case 0: case (sizeof (long long) == 4):;
      |                    ^~~~
conftest.c:65:12: note: previously used here
   65 | switch (0) case 0: case (sizeof (long long) == 4):;
      |            ^~~~
configure:10039: $? = 1
configure: failed program was:
| /* confdefs.h */
| #define PACKAGE_NAME "json-c"
| #define PACKAGE_TARNAME "json-c"
| #define PACKAGE_VERSION "0.13.1"
| #define PACKAGE_STRING "json-c 0.13.1"
| #define PACKAGE_BUGREPORT "json-c@googlegroups.com"
| #define PACKAGE_URL ""
| #define PACKAGE "json-c"
| #define VERSION "0.13.1"
| #define STDC_HEADERS 1
| #define HAVE_SYS_TYPES_H 1
| #define HAVE_SYS_STAT_H 1
| #define HAVE_STDLIB_H 1
| #define HAVE_STRING_H 1
| #define HAVE_MEMORY_H 1
| #define HAVE_STRINGS_H 1
| #define HAVE_INTTYPES_H 1
| #define HAVE_STDINT_H 1
| #define HAVE_UNISTD_H 1
| #define HAVE_FCNTL_H 1
| #define HAVE_LIMITS_H 1
| #define HAVE_STRINGS_H 1
| #define HAVE_SYSLOG_H 1
| #define HAVE_UNISTD_H 1
| #define HAVE_SYS_CDEFS_H 1
| #define HAVE_SYS_PARAM_H 1
| #define HAVE_STDARG_H 1
| #define HAVE_LOCALE_H 1
| #define HAVE_ENDIAN_H 1
| #define JSON_C_HAVE_INTTYPES_H 1
| #define HAVE___THREAD 1
| #define SPEC___THREAD __thread
| #define HAVE_VPRINTF 1
| #define HAVE_REALLOC 1
| #define HAVE_STRCASECMP 1
| #define HAVE_STRDUP 1
| #define HAVE_STRERROR 1
| #define HAVE_SNPRINTF 1
| #define HAVE_VSNPRINTF 1
| #define HAVE_VASPRINTF 1
| #define HAVE_OPEN 1
| #define HAVE_VSYSLOG 1
| #define HAVE_STRNCASECMP 1
| #define HAVE_SETLOCALE 1
| #define HAVE_DECL_INFINITY 1
| #define HAVE_DECL_NAN 1
| #define HAVE_DECL_ISNAN 1
| #define HAVE_DECL_ISINF 1
| #define HAVE_DECL__ISNAN 0
| #define HAVE_DECL__FINITE 0
| #define HAVE_ATOMIC_BUILTINS 1
| #define HAVE_USELOCALE 1
| #define HAVE_DLFCN_H 1
| #define LT_OBJDIR ".libs/"
| #define SIZEOF_INT 4
| #define SIZEOF_LONG 8
| /* end confdefs.h.  */
| 
| #include <sys/types.h>
| 
| 
| int
| main ()
| {
| switch (0) case 0: case (sizeof (long long) == 4):;
|   ;
|   return 0;
| }
configure:10039: /usr/bin/cc -c -g -O2 -Wall -Werror -Wcast-qual -Wno-error=deprecated-declarations -Wextra -Wno-unused-parameter -D_GNU_SOURCE -D_REENTRANT  conftest.c >&5
configure:10039: $? = 0
configure:10051: result: 8
configure:10059: checking size of size_t
configure:10079: /usr/bin/cc -c -g -O2 -Wall -Werror -Wcast-qual -Wno-error=deprecated-declarations -Wextra -Wno-unused-parameter -D_GNU_SOURCE -D_REENTRANT  conftest.c >&5
conftest.c: In function 'main':
conftest.c:66:20: error: duplicate case value
   66 | switch (0) case 0: case (sizeof (size_t) == 4):;
      |                    ^~~~
conftest.c:66:12: note: previously used here
   66 | switch (0) case 0: case (sizeof (size_t) == 4):;
      |            ^~~~
configure:10079: $? = 1
configure: failed program was:
| /* confdefs.h */
| #define PACKAGE_NAME "json-c"
| #define PACKAGE_TARNAME "json-c"
| #define PACKAGE_VERSION "0.13.1"
| #define PACKAGE_STRING "json-c 0.13.1"
| #define PACKAGE_BUGREPORT "json-c@googlegroups.com"
| #define PACKAGE_URL ""
| #define PACKAGE "json-c"
| #define VERSION "0.13.1"
| #define STDC_HEADERS 1
| #define HAVE_SYS_TYPES_H 1
| #define HAVE_SYS_STAT_H 1
| #define HAVE_STDLIB_H 1
| #define HAVE_STRING_H 1
| #define HAVE_MEMORY_H 1
| #define HAVE_STRINGS_H 1
| #define HAVE_INTTYPES_H 1
| #define HAVE_STDINT_H 1
| #define HAVE_UNISTD_H 1
| #define HAVE_FCNTL_H 1
| #define HAVE_LIMITS_H 1
| #define HAVE_STRINGS_H 1
| #define HAVE_SYSLOG_H 1
| #define HAVE_UNISTD_H 1
| #define HAVE_SYS_CDEFS_H 1
| #define HAVE_SYS_PARAM_H 1
| #define HAVE_STDARG_H 1
| #define HAVE_LOCALE_H 1
| #define HAVE_ENDIAN_H 1
| #define JSON_C_HAVE_INTTYPES_H 1
| #define HAVE___THREAD 1
| #define SPEC___THREAD __thread
| #define HAVE_VPRINTF 1
| #define HAVE_REALLOC 1
| #define HAVE_STRCASECMP 1
| #define HAVE_STRDUP 1
| #define HAVE_STRERROR 1
| #define HAVE_SNPRINTF 1
| #define HAVE_VSNPRINTF 1
| #define HAVE_VASPRINTF 1
| #define HAVE_OPEN 1
| #define HAVE_VSYSLOG 1
| #define HAVE_STRNCASECMP 1
| #define HAVE_SETLOCALE 1
| #define HAVE_DECL_INFINITY 1
| #define HAVE_DECL_NAN 1
| #define HAVE_DECL_ISNAN 1
| #define HAVE_DECL_ISINF 1
| #define HAVE_DECL__ISNAN 0
| #define HAVE_DECL__FINITE 0
| #define HAVE_ATOMIC_BUILTINS 1
| #define HAVE_USELOCALE 1
| #define HAVE_DLFCN_H 1
| #define LT_OBJDIR ".libs/"
| #define SIZEOF_INT 4
| #define SIZEOF_LONG 8
| #define SIZEOF_LONG_LONG 8
| /* end confdefs.h.  */
| 
| #include <sys/types.h>
| #include <stdint.h>
| 
| int
| main ()
| {
| switch (0) case 0: case (sizeof (size_t) == 4):;
|   ;
|   return 0;
| }
configure:10079: /usr/bin/cc -c -g -O2 -Wall -Werror -Wcast-qual -Wno-error=deprecated-declarations -Wextra -Wno-unused-parameter -D_GNU_SOURCE -D_REENTRANT  conftest.c >&5
configure:10079: $? = 0
configure:10091: result: 8
configure:10099: checking size of int64_t
configure:10119: /usr/bin/cc -c -g -O2 -Wall -Werror -Wcast-qual -Wno-error=deprecated-declarations -Wextra -Wno-unused-parameter -D_GNU_SOURCE -D_REENTRANT  conftest.c >&5
conftest.c: In function 'main':
conftest.c:67:20: error: duplicate case value
   67 | switch (0) case 0: case (sizeof (int64_t) == 4):;
      |                    ^~~~
conftest.c:67:12: note: previously used here
   67 | switch (0) case 0: case (sizeof (int64_t) == 4):;
      |            ^~~~
configure:10119: $? = 1
configure: failed program was:
| /* confdefs.h */
| #define PACKAGE_NAME "json-c"
| #define PACKAGE_TARNAME "json-c"
| #define PACKAGE_VERSION "0.13.1"
| #define PACKAGE_STRING "json-c 0.13.1"
| #define PACKAGE_BUGREPORT "json-c@googlegroups.com"
| #define PACKAGE_URL ""
| #define PACKAGE "json-c"
| #define VERSION "0.13.1"
| #define STDC_HEADERS 1
| #define HAVE_SYS_TYPES_H 1
| #define HAVE_SYS_STAT_H 1
| #define HAVE_STDLIB_H 1
| #define HAVE_STRING_H 1
| #define HAVE_MEMORY_H 1
| #define HAVE_STRINGS_H 1
| #define HAVE_INTTYPES_H 1
| #define HAVE_STDINT_H 1
| #define HAVE_UNISTD_H 1
| #define HAVE_FCNTL_H 1
| #define HAVE_LIMITS_H 1
| #define HAVE_STRINGS_H 1
| #define HAVE_SYSLOG_H 1
| #define HAVE_UNISTD_H 1
| #define HAVE_SYS_CDEFS_H 1
| #define HAVE_SYS_PARAM_H 1
| #define HAVE_STDARG_H 1
| #define HAVE_LOCALE_H 1
| #define HAVE_ENDIAN_H 1
| #define JSON_C_HAVE_INTTYPES_H 1
| #define HAVE___THREAD 1
| #define SPEC___THREAD __thread
| #define HAVE_VPRINTF 1
| #define HAVE_REALLOC 1
| #define HAVE_STRCASECMP 1
| #define HAVE_STRDUP 1
| #define HAVE_STRERROR 1
| #define HAVE_SNPRINTF 1
| #define HAVE_VSNPRINTF 1
| #define HAVE_VASPRINTF 1
| #define HAVE_OPEN 1
| #define HAVE_VSYSLOG 1
| #define HAVE_STRNCASECMP 1
| #define HAVE_SETLOCALE 1
| #define HAVE_DECL_INFINITY 1
| #define HAVE_DECL_NAN 1
| #define HAVE_DECL_ISNAN 1
| #define HAVE_DECL_ISINF 1
| #define HAVE_DECL__ISNAN 0
| #define HAVE_DECL__FINITE 0
| #define HAVE_ATOMIC_BUILTINS 1
| #define HAVE_USELOCALE 1
| #define HAVE_DLFCN_H 1
| #define LT_OBJDIR ".libs/"
| #define SIZEOF_INT 4
| #define SIZEOF_LONG 8
| #define SIZEOF_LONG_LONG 8
| #define SIZEOF_SIZE_T 8
| /* end confdefs.h.  */
| 
| #include <sys/types.h>
| #include <stdint.h>
| 
| int
| main ()
| {
| switch (0) case 0: case (sizeof (int64_t) == 4):;
|   ;
|   return 0;
| }
configure:10119: /usr/bin/cc -c -g -O2 -Wall -Werror -Wcast-qual -Wno-error=deprecated-declarations -Wextra -Wno-unused-parameter -D_GNU_SOURCE -D_REENTRANT  conftest.c >&5
configure:10119: $? = 0
configure:10131: result: 8
configure:10244: checking that generated files are newer than configure
configure:10250: result: done
configure:10273: creating ./config.status

## ---------------------- ##
## Running config.status. ##
## ---------------------- ##

This file was extended by json-c config.status 0.13.1, which was
generated by GNU Autoconf 2.69.  Invocation command line was

  CONFIG_FILES    = 
  CONFIG_HEADERS  = 
  CONFIG_LINKS    = 
  CONFIG_COMMANDS = 
  $ ./config.status 

on Tartaro

config.status:1124: creating Makefile
config.status:1124: creating json-c.pc
config.status:1124: creating tests/Makefile
config.status:1124: creating json-c-uninstalled.pc
config.status:1124: creating config.h
config.status:1124: creating json_config.h
config.status:1353: executing depfiles commands
config.status:1430: cd .       && sed -e '/# am--include-marker/d' Makefile         | make -f - am--depfiles
config.status:1435: $? = 0
config.status:1430: cd tests       && sed -e '/# am--include-marker/d' Makefile         | make -f - am--depfiles
config.status:1435: $? = 0
config.status:1353: executing libtool commands

## ---------------- ##
## Cache variables. ##
## ---------------- ##

ac_cv___thread=yes
ac_cv_build=x86_64-pc-linux-gnu
ac_cv_c_compiler_gnu=yes
ac_cv_c_const=yes
ac_cv_env_CC_set=set
ac_cv_env_CC_value=/usr/bin/cc
ac_cv_env_CFLAGS_set=
ac_cv_env_CFLAGS_value=
ac_cv_env_CPPFLAGS_set=
ac_cv_env_CPPFLAGS_value=
ac_cv_env_CPP_set=
ac_cv_env_CPP_value=
ac_cv_env_LDFLAGS_set=
ac_cv_env_LDFLAGS_value=
ac_cv_env_LIBS_set=
ac_cv_env_LIBS_value=
ac_cv_env_LT_SYS_LIBRARY_PATH_set=
ac_cv_env_LT_SYS_LIBRARY_PATH_value=
ac_cv_env_build_alias_set=
ac_cv_env_build_alias_value=
ac_cv_env_host_alias_set=
ac_cv_env_host_alias_value=
ac_cv_env_target_alias_set=
ac_cv_env_target_alias_value=
ac_cv_func__doprnt=no
ac_cv_func_memcmp_working=yes
ac_cv_func_open=yes
ac_cv_func_realloc=yes
ac_cv_func_setlocale=yes
ac_cv_func_snprintf=yes
ac_cv_func_strcasecmp=yes
ac_cv_func_strdup=yes
ac_cv_func_strerror=yes
ac_cv_func_strncasecmp=yes
ac_cv_func_uselocale=yes
ac_cv_func_vasprintf=yes
ac_cv_func_vprintf=yes
ac_cv_func_vsnprintf=yes
ac_cv_func_vsyslog=yes
ac_cv_have_decl_INFINITY=yes
ac_cv_have_decl__finite=no
ac_cv_have_decl__isnan=no
ac_cv_have_decl_isinf=yes
ac_cv_have_decl_isnan=yes
ac_cv_have_decl_nan=yes
ac_cv_header_dlfcn_h=yes
ac_cv_header_endian_h=yes
ac_cv_header_fcntl_h=yes
ac_cv_header_inttypes_h=yes
ac_cv_header_limits_h=yes
ac_cv_header_locale_h=yes
ac_cv_header_memory_h=yes
ac_cv_header_stdarg_h=yes
ac_cv_header_stdc=yes
ac_cv_header_stdint_h=yes
ac_cv_header_stdlib_h=yes
ac_cv_header_string_h=yes
ac_cv_header_strings_h=yes
ac_cv_header_sys_cdefs_h=yes
ac_cv_header_sys_param_h=yes
ac_cv_header_sys_stat_h=yes
ac_cv_header_sys_types_h=yes
ac_cv_header_syslog_h=yes
ac_cv_header_unistd_h=yes
ac_cv_header_xlocale_h=no
ac_cv_host=x86_64-pc-linux-gnu
ac_cv_objext=o
ac_cv_path_EGREP='/bin/grep -E'
ac_cv_path_FGREP='/bin/grep -F'
ac_cv_path_GREP=/bin/grep
ac_cv_path_SED=/bin/sed
ac_cv_path_install='/usr/bin/install -c'
ac_cv_path_lt_DD=/bin/dd
ac_cv_path_mkdir=/bin/mkdir
ac_cv_prog_AWK=gawk
ac_cv_prog_CPP='/usr/bin/cc -E'
ac_cv_prog_ac_ct_AR=ar
ac_cv_prog_ac_ct_CC=/usr/bin/cc
ac_cv_prog_ac_ct_MANIFEST_TOOL=mt
ac_cv_prog_ac_ct_OBJDUMP=objdump
ac_cv_prog_ac_ct_RANLIB=ranlib
ac_cv_prog_ac_ct_STRIP=strip
ac_cv_prog_cc_c89=
ac_cv_prog_cc_c99=
ac_cv_prog_cc_g=yes
ac_cv_prog_make_make_set=yes
ac_cv_sizeof_int64_t=8
ac_cv_sizeof_int=4
ac_cv_sizeof_long=8
ac_cv_sizeof_long_long=8
ac_cv_sizeof_size_t=8
ac_cv_type_size_t=yes
am_cv_CC_dependencies_compiler_type=gcc3
am_cv_make_support_nested_variables=yes
am_cv_prog_cc_c_o=yes
ax_cv_check_cflags___D_GNU_SOURCE=yes
ax_cv_check_cflags___D_REENTRANT=yes
ax_cv_check_cflags___Wall=yes
ax_cv_check_cflags___Wcast_qual=yes
ax_cv_check_cflags___Werror=yes
ax_cv_check_cflags___Wextra=yes
ax_cv_check_cflags___Wno_error_deprecated_declarations=yes
ax_cv_check_cflags___Wno_unused_parameter=yes
ax_cv_check_cflags___Wwrite_string=no
lt_cv_ar_at_file=@
lt_cv_archive_cmds_need_lc=no
lt_cv_deplibs_check_method=pass_all
lt_cv_file_magic_cmd='$MAGIC_CMD'
lt_cv_file_magic_test_file=
lt_cv_ld_reload_flag=-r
lt_cv_nm_interface='BSD nm'
lt_cv_objdir=.libs
lt_cv_path_LD=/usr/bin/ld
lt_cv_path_NM='/usr/bin/nm -B'
lt_cv_path_mainfest_tool=no
lt_cv_prog_compiler_c_o=yes
lt_cv_prog_compiler_pic='-fPIC -DPIC'
lt_cv_prog_compiler_pic_works=yes
lt_cv_prog_compiler_rtti_exceptions=no
lt_cv_prog_compiler_static_works=yes
lt_cv_prog_gnu_ld=yes
lt_cv_sharedlib_from_linklib_cmd='printf %s\n'
lt_cv_shlibpath_overrides_runpath=yes
lt_cv_sys_global_symbol_pipe='sed -n -e '\''s/^.*[	 ]\([ABCDGIRSTW][ABCDGIRSTW]*\)[	 ][	 ]*\([_A-Za-z][_A-Za-z0-9]*\)$/\1 \2 \2/p'\'' | sed '\''/ __gnu_lto/d'\'''
lt_cv_sys_global_symbol_to_c_name_address='sed -n -e '\''s/^: \(.*\) .*$/  {"\1", (void *) 0},/p'\'' -e '\''s/^[ABCDGIRSTW][ABCDGIRSTW]* .* \(.*\)$/  {"\1", (void *) \&\1},/p'\'''
lt_cv_sys_global_symbol_to_c_name_address_lib_prefix='sed -n -e '\''s/^: \(.*\) .*$/  {"\1", (void *) 0},/p'\'' -e '\''s/^[ABCDGIRSTW][ABCDGIRSTW]* .* \(lib.*\)$/  {"\1", (void *) \&\1},/p'\'' -e '\''s/^[ABCDGIRSTW][ABCDGIRSTW]* .* \(.*\)$/  {"lib\1", (void *) \&\1},/p'\'''
lt_cv_sys_global_symbol_to_cdecl='sed -n -e '\''s/^T .* \(.*\)$/extern int \1();/p'\'' -e '\''s/^[ABCDGIRSTW][ABCDGIRSTW]* .* \(.*\)$/extern char \1;/p'\'''
lt_cv_sys_global_symbol_to_import=
lt_cv_sys_max_cmd_len=1572864
lt_cv_to_host_file_cmd=func_convert_file_noop
lt_cv_to_tool_file_cmd=func_convert_file_noop
lt_cv_truncate_bin='/bin/dd bs=4096 count=1'

## ----------------- ##
## Output variables. ##
## ----------------- ##

ACLOCAL='${SHELL} /home/stiv/Repository/spatial-laboratory/spatialite-react-native/Geo-Spatialite-Android/app/src/main/jni/json-c-0.13.1/missing aclocal-1.16'
AMDEPBACKSLASH='\'
AMDEP_FALSE='#'
AMDEP_TRUE=''
AMTAR='$${TAR-tar}'
AM_BACKSLASH='\'
AM_DEFAULT_V='$(AM_DEFAULT_VERBOSITY)'
AM_DEFAULT_VERBOSITY='0'
AM_V='$(V)'
AR='ar'
AUTOCONF='${SHELL} /home/stiv/Repository/spatial-laboratory/spatialite-react-native/Geo-Spatialite-Android/app/src/main/jni/json-c-0.13.1/missing autoconf'
AUTOHEADER='${SHELL} /home/stiv/Repository/spatial-laboratory/spatialite-react-native/Geo-Spatialite-Android/app/src/main/jni/json-c-0.13.1/missing autoheader'
AUTOMAKE='${SHELL} /home/stiv/Repository/spatial-laboratory/spatialite-react-native/Geo-Spatialite-Android/app/src/main/jni/json-c-0.13.1/missing automake-1.16'
AWK='gawk'
CC='/usr/bin/cc'
CCDEPMODE='depmode=gcc3'
CFLAGS='-g -O2 -Wall -Werror -Wcast-qual -Wno-error=deprecated-declarations -Wextra -Wno-unused-parameter -D_GNU_SOURCE -D_REENTRANT'
CPP='/usr/bin/cc -E'
CPPFLAGS=''
CYGPATH_W='echo'
DEFS='-DHAVE_CONFIG_H'
DEPDIR='.deps'
DLLTOOL='false'
DSYMUTIL=''
DUMPBIN=''
ECHO_C=''
ECHO_N='-n'
ECHO_T=''
EGREP='/bin/grep -E'
EXEEXT=''
FGREP='/bin/grep -F'
GREP='/bin/grep'
INSTALL_DATA='${INSTALL} -m 644'
INSTALL_PROGRAM='${INSTALL}'
INSTALL_SCRIPT='${INSTALL}'
INSTALL_STRIP_PROGRAM='$(install_sh) -c -s'
JSON_BSYMBOLIC_LDFLAGS='-Wl,-Bsymbolic-functions'
LD='/usr/bin/ld -m elf_x86_64'
LDFLAGS=''
LIBOBJS=''
LIBS=''
LIBTOOL='$(SHELL) $(top_builddir)/libtool'
LIPO=''
LN_S='ln -s'
LTLIBOBJS=''
LT_SYS_LIBRARY_PATH=''
MAKEINFO='${SHELL} /home/stiv/Repository/spatial-laboratory/spatialite-react-native/Geo-Spatialite-Android/app/src/main/jni/json-c-0.13.1/missing makeinfo'
MANIFEST_TOOL=':'
MKDIR_P='/bin/mkdir -p'
NM='/usr/bin/nm -B'
NMEDIT=''
OBJDUMP='objdump'
OBJEXT='o'
OTOOL64=''
OTOOL=''
PACKAGE='json-c'
PACKAGE_BUGREPORT='json-c@googlegroups.com'
PACKAGE_NAME='json-c'
PACKAGE_STRING='json-c 0.13.1'
PACKAGE_TARNAME='json-c'
PACKAGE_URL=''
PACKAGE_VERSION='0.13.1'
PATH_SEPARATOR=':'
RANLIB='ranlib'
SED='/bin/sed'
SET_MAKE=''
SHELL='/bin/bash'
STRIP='strip'
VERSION='0.13.1'
ac_ct_AR='ar'
ac_ct_CC='/usr/bin/cc'
ac_ct_DUMPBIN=''
am__EXEEXT_FALSE=''
am__EXEEXT_TRUE='#'
am__fastdepCC_FALSE='#'
am__fastdepCC_TRUE=''
am__include='include'
am__isrc=''
am__leading_dot='.'
am__nodep='_no'
am__quote=''
am__tar='$${TAR-tar} chof - "$$tardir"'
am__untar='$${TAR-tar} xf -'
bindir='${exec_prefix}/bin'
build='x86_64-pc-linux-gnu'
build_alias=''
build_cpu='x86_64'
build_os='linux-gnu'
build_vendor='pc'
datadir='${datarootdir}'
datarootdir='${prefix}/share'
docdir='${datarootdir}/doc/${PACKAGE_TARNAME}'
dvidir='${docdir}'
exec_prefix='${prefix}'
host='x86_64-pc-linux-gnu'
host_alias=''
host_cpu='x86_64'
host_os='linux-gnu'
host_vendor='pc'
htmldir='${docdir}'
includedir='${prefix}/include'
infodir='${datarootdir}/info'
install_sh='${SHELL} /home/stiv/Repository/spatial-laboratory/spatialite-react-native/Geo-Spatialite-Android/app/src/main/jni/json-c-0.13.1/install-sh'
libdir='${exec_prefix}/lib'
libexecdir='${exec_prefix}/libexec'
localedir='${datarootdir}/locale'
localstatedir='${prefix}/var'
mandir='${datarootdir}/man'
mkdir_p='$(MKDIR_P)'
oldincludedir='/usr/include'
pdfdir='${docdir}'
prefix='/usr/local'
program_transform_name='s,x,x,'
psdir='${docdir}'
runstatedir='${localstatedir}/run'
sbindir='${exec_prefix}/sbin'
sharedstatedir='${prefix}/com'
sysconfdir='${prefix}/etc'
target_alias=''

## ----------- ##
## confdefs.h. ##
## ----------- ##

/* confdefs.h */
#define PACKAGE_NAME "json-c"
#define PACKAGE_TARNAME "json-c"
#define PACKAGE_VERSION "0.13.1"
#define PACKAGE_STRING "json-c 0.13.1"
#define PACKAGE_BUGREPORT "json-c@googlegroups.com"
#define PACKAGE_URL ""
#define PACKAGE "json-c"
#define VERSION "0.13.1"
#define STDC_HEADERS 1
#define HAVE_SYS_TYPES_H 1
#define HAVE_SYS_STAT_H 1
#define HAVE_STDLIB_H 1
#define HAVE_STRING_H 1
#define HAVE_MEMORY_H 1
#define HAVE_STRINGS_H 1
#define HAVE_INTTYPES_H 1
#define HAVE_STDINT_H 1
#define HAVE_UNISTD_H 1
#define HAVE_FCNTL_H 1
#define HAVE_LIMITS_H 1
#define HAVE_STRINGS_H 1
#define HAVE_SYSLOG_H 1
#define HAVE_UNISTD_H 1
#define HAVE_SYS_CDEFS_H 1
#define HAVE_SYS_PARAM_H 1
#define HAVE_STDARG_H 1
#define HAVE_LOCALE_H 1
#define HAVE_ENDIAN_H 1
#define JSON_C_HAVE_INTTYPES_H 1
#define HAVE___THREAD 1
#define SPEC___THREAD __thread
#define HAVE_VPRINTF 1
#define HAVE_REALLOC 1
#define HAVE_STRCASECMP 1
#define HAVE_STRDUP 1
#define HAVE_STRERROR 1
#define HAVE_SNPRINTF 1
#define HAVE_VSNPRINTF 1
#define HAVE_VASPRINTF 1
#define HAVE_OPEN 1
#define HAVE_VSYSLOG 1
#define HAVE_STRNCASECMP 1
#define HAVE_SETLOCALE 1
#define HAVE_DECL_INFINITY 1
#define HAVE_DECL_NAN 1
#define HAVE_DECL_ISNAN 1
#define HAVE_DECL_ISINF 1
#define HAVE_DECL__ISNAN 0
#define HAVE_DECL__FINITE 0
#define HAVE_ATOMIC_BUILTINS 1
#define HAVE_USELOCALE 1
#define HAVE_DLFCN_H 1
#define LT_OBJDIR ".libs/"
#define SIZEOF_INT 4
#define SIZEOF_LONG 8
#define SIZEOF_LONG_LONG 8
#define SIZEOF_SIZE_T 8
#define SIZEOF_INT64_T 8

configure: exit 0
